<?xml version="1.0" encoding="utf-8"?><testsuites name="pytest tests"><testsuite name="pytest" errors="0" failures="0" skipped="0" tests="8" time="43.498" timestamp="2026-04-21T12:52:43.066503+00:00" hostname="agent-env-0816fb59-b8d7-4467-847f-0ea1ae068451"><testcase classname="backend.tests.test_backend_iteration_11.TestResumeUpload" name="test_upload_pdf_resume_extracts_and_merges" time="6.510" /><testcase classname="backend.tests.test_backend_iteration_11.TestResumeUpload" name="test_upload_docx_resume_extracts" time="3.107" /><testcase classname="backend.tests.test_backend_iteration_11.TestResumeUpload" name="test_upload_resume_non_clobber_merge" time="5.757" /><testcase classname="backend.tests.test_backend_iteration_11.TestApplicationCoverLetter" name="test_create_application_auto_generates_cover_letter" time="10.331" /><testcase classname="backend.tests.test_backend_iteration_11.TestApplicationCoverLetter" name="test_regenerate_cover_letter_owner_ok" time="8.008" /><testcase classname="backend.tests.test_backend_iteration_11.TestApplicationCoverLetter" name="test_regenerate_cover_letter_non_owner_403" time="2.334" /><testcase classname="backend.tests.test_backend_iteration_11.TestCoverLetterAttribution" name="test_attribute_happy_path" time="7.176" /><testcase classname="backend.tests.test_backend_iteration_11.TestCoverLetterAttribution" name="test_attribute_missing_job_id_400" time="0.232" /></testsuite></testsuites>