<?xml version="1.0" encoding="utf-8"?><testsuites name="pytest tests"><testsuite name="pytest" errors="0" failures="1" skipped="1" tests="34" time="127.252" timestamp="2026-04-21T12:53:43.274035+00:00" hostname="agent-env-0816fb59-b8d7-4467-847f-0ea1ae068451"><testcase classname="backend.tests.test_backend_iteration_11.TestResumeUpload" name="test_upload_pdf_resume_extracts_and_merges" time="4.865" /><testcase classname="backend.tests.test_backend_iteration_11.TestResumeUpload" name="test_upload_docx_resume_extracts" time="3.526" /><testcase classname="backend.tests.test_backend_iteration_11.TestResumeUpload" name="test_upload_resume_non_clobber_merge" time="3.764" /><testcase classname="backend.tests.test_backend_iteration_11.TestApplicationCoverLetter" name="test_create_application_auto_generates_cover_letter" time="12.051" /><testcase classname="backend.tests.test_backend_iteration_11.TestApplicationCoverLetter" name="test_regenerate_cover_letter_owner_ok" time="1.618"><failure message="AssertionError: {&quot;detail&quot;:{&quot;error&quot;:&quot;rate_limit_exceeded&quot;,&quot;endpoint&quot;:&quot;cover-letter&quot;,&quot;used&quot;:5,&quot;limit&quot;:5,&quot;reset_at&quot;:&quot;2026-04-22T00:00:00+00:00&quot;,&quot;message&quot;:&quot;Daily limit for cover-letter reached (5/5). Resets at 2026-04-22T00:00:00+00:00. Upgrade to UNIFY Pro for higher limits.&quot;}}&#10;assert 429 == 200&#10; +  where 429 = &lt;Response [429]&gt;.status_code">backend/tests/test_backend_iteration_11.py:268: in test_regenerate_cover_letter_owner_ok
    assert r.status_code == 200, r.text
E   AssertionError: {"detail":{"error":"rate_limit_exceeded","endpoint":"cover-letter","used":5,"limit":5,"reset_at":"2026-04-22T00:00:00+00:00","message":"Daily limit for cover-letter reached (5/5). Resets at 2026-04-22T00:00:00+00:00. Upgrade to UNIFY Pro for higher limits."}}
E   assert 429 == 200
E    +  where 429 = &lt;Response [429]&gt;.status_code</failure></testcase><testcase classname="backend.tests.test_backend_iteration_11.TestApplicationCoverLetter" name="test_regenerate_cover_letter_non_owner_403" time="2.295" /><testcase classname="backend.tests.test_backend_iteration_11.TestCoverLetterAttribution" name="test_attribute_happy_path" time="6.928" /><testcase classname="backend.tests.test_backend_iteration_11.TestCoverLetterAttribution" name="test_attribute_missing_job_id_400" time="0.228" /><testcase classname="backend.tests.test_backend_regression.TestHealth" name="test_health" time="0.227" /><testcase classname="backend.tests.test_backend_regression.TestAuth" name="test_register_creates_user_and_welcome_email" time="4.751" /><testcase classname="backend.tests.test_backend_regression.TestAuth" name="test_login_admin" time="1.128" /><testcase classname="backend.tests.test_backend_regression.TestAuth" name="test_auth_me_admin" time="0.228" /><testcase classname="backend.tests.test_backend_regression.TestAuth" name="test_login_wrong_password_rate_limit" time="3.415" /><testcase classname="backend.tests.test_backend_regression.TestAuth" name="test_forgot_password_logs_email" time="2.722" /><testcase classname="backend.tests.test_backend_regression.TestPublic" name="test_public_probability" time="2.482" /><testcase classname="backend.tests.test_backend_regression.TestEmailSystem" name="test_email_logs_structure" time="2.033" /><testcase classname="backend.tests.test_backend_regression.TestEmailSystem" name="test_email_test_welcome" time="2.491" /><testcase classname="backend.tests.test_backend_regression.TestEmailSystem" name="test_email_test_all_triggers" time="17.916" /><testcase classname="backend.tests.test_backend_regression.TestEmailSystem" name="test_email_test_invalid_trigger" time="0.228" /><testcase classname="backend.tests.test_backend_regression.TestEmailSystem" name="test_email_test_non_admin_403" time="0.228" /><testcase classname="backend.tests.test_backend_regression.TestCron" name="test_trending_refresh_auth_required" time="0.002" /><testcase classname="backend.tests.test_backend_regression.TestCron" name="test_trending_refresh_lock_concurrent" time="0.924" /><testcase classname="backend.tests.test_backend_regression.TestCron" name="test_trending_refresh_sequential_both_run" time="1.831" /><testcase classname="backend.tests.test_backend_regression.TestCron" name="test_nightly_weights" time="12.173" /><testcase classname="backend.tests.test_backend_regression.TestCron" name="test_weekly_digest" time="17.418" /><testcase classname="backend.tests.test_backend_regression.TestCron" name="test_streak_resets" time="0.693" /><testcase classname="backend.tests.test_backend_regression.TestModel" name="test_seed_synthetic_outcomes" time="0.453" /><testcase classname="backend.tests.test_backend_regression.TestModel" name="test_model_weights" time="12.160" /><testcase classname="backend.tests.test_backend_regression.TestStudentFlows" name="test_jobs" time="1.130" /><testcase classname="backend.tests.test_backend_regression.TestStudentFlows" name="test_profile" time="0.454" /><testcase classname="backend.tests.test_backend_regression.TestStudentFlows" name="test_momentum" time="1.357" /><testcase classname="backend.tests.test_backend_regression.TestStudentFlows" name="test_recommendations" time="1.138" /><testcase classname="backend.tests.test_backend_regression.TestApplicationEmails" name="test_application_create_emails" time="1.361"><skipped type="pytest.skip" message="cannot create application: 400 {&quot;detail&quot;:&quot;Already applied&quot;}">/app/backend/tests/test_backend_regression.py:323: cannot create application: 400 {"detail":"Already applied"}</skipped></testcase><testcase classname="backend.tests.test_backend_regression.TestRetry" name="test_retry_existing_log" time="2.945" /></testsuite></testsuites>