<?xml version="1.0" encoding="utf-8"?><testsuites name="pytest tests"><testsuite name="pytest" errors="0" failures="5" skipped="0" tests="25" time="123.582" timestamp="2026-04-21T12:10:40.580236+00:00" hostname="agent-env-0816fb59-b8d7-4467-847f-0ea1ae068451"><testcase classname="backend.tests.test_backend_regression.TestHealth" name="test_health" time="9.363" /><testcase classname="backend.tests.test_backend_regression.TestAuth" name="test_register_creates_user_and_welcome_email" time="13.701"><failure message="AssertionError: Welcome email not found for TEST_reg_708627c8f6@example.com&#10;assert False">backend/tests/test_backend_regression.py:50: in test_register_creates_user_and_welcome_email
    assert found, f"Welcome email not found for {email}"
E   AssertionError: Welcome email not found for TEST_reg_708627c8f6@example.com
E   assert False</failure></testcase><testcase classname="backend.tests.test_backend_regression.TestAuth" name="test_login_admin" time="1.266" /><testcase classname="backend.tests.test_backend_regression.TestAuth" name="test_auth_me_admin" time="0.388" /><testcase classname="backend.tests.test_backend_regression.TestAuth" name="test_login_wrong_password_rate_limit" time="4.952" /><testcase classname="backend.tests.test_backend_regression.TestAuth" name="test_forgot_password_logs_email" time="2.950" /><testcase classname="backend.tests.test_backend_regression.TestPublic" name="test_public_probability" time="0.343"><failure message="AssertionError: {&quot;detail&quot;:&quot;User not found&quot;}&#10;assert 404 == 200&#10; +  where 404 = &lt;Response [404]&gt;.status_code">backend/tests/test_backend_regression.py:96: in test_public_probability
    assert r.status_code == 200, r.text
E   AssertionError: {"detail":"User not found"}
E   assert 404 == 200
E    +  where 404 = &lt;Response [404]&gt;.status_code</failure></testcase><testcase classname="backend.tests.test_backend_regression.TestEmailSystem" name="test_email_logs_structure" time="2.146"><failure message="AssertionError: missing key: sent&#10;assert 'sent' in {'counts': {'failed_24h': 1, 'pending': 0, 'permanently_failed': 1, 'retrying': 0, ...}, 'recent': [{'attempts': 1, 'created_at': '2026-04-21T12:11:10.863644+00:00', 'error': None, 'id': '66f47c2f-c65c-4040-a60d-eca029a330fc', ...}, {'attempts': 1, 'created_at': '2026-04-21T12:10:51.295274+00:00', 'error': None, 'id': '564b1c98-add3-485d-8321-b3c86aa1881c', ...}, {'attempts': 1, 'created_at': '2026-04-21T12:07:35.210482+00:00', 'error': None, 'id': '8d522a91-8332-41c2-9dd2-b9b1399275ac', ...}, {'attempts': 1, 'created_at': '2026-04-21T11:52:44.423102+00:00', 'error': None, 'id': '886cbdc1-0c4d-4e6c-98f4-841283a02c91', ...}, {'attempts': 1, 'created_at': '2026-04-21T11:52:43.518147+00:00', 'error': None, 'id': '7023c156-9482-411c-9644-b3504e10dc6e', ...}, {'attempts': 1, 'created_at': '2026-04-21T11:52:42.612836+00:00', 'error': None, 'id': 'df5b7c47-4cfe-4cf9-a869-dcde266a2ed8', ...}, ...], 'total': 20}">backend/tests/test_backend_regression.py:111: in test_email_logs_structure
    assert k in d, f"missing key: {k}"
E   AssertionError: missing key: sent
E   assert 'sent' in {'counts': {'failed_24h': 1, 'pending': 0, 'permanently_failed': 1, 'retrying': 0, ...}, 'recent': [{'attempts': 1, 'created_at': '2026-04-21T12:11:10.863644+00:00', 'error': None, 'id': '66f47c2f-c65c-4040-a60d-eca029a330fc', ...}, {'attempts': 1, 'created_at': '2026-04-21T12:10:51.295274+00:00', 'error': None, 'id': '564b1c98-add3-485d-8321-b3c86aa1881c', ...}, {'attempts': 1, 'created_at': '2026-04-21T12:07:35.210482+00:00', 'error': None, 'id': '8d522a91-8332-41c2-9dd2-b9b1399275ac', ...}, {'attempts': 1, 'created_at': '2026-04-21T11:52:44.423102+00:00', 'error': None, 'id': '886cbdc1-0c4d-4e6c-98f4-841283a02c91', ...}, {'attempts': 1, 'created_at': '2026-04-21T11:52:43.518147+00:00', 'error': None, 'id': '7023c156-9482-411c-9644-b3504e10dc6e', ...}, {'attempts': 1, 'created_at': '2026-04-21T11:52:42.612836+00:00', 'error': None, 'id': 'df5b7c47-4cfe-4cf9-a869-dcde266a2ed8', ...}, ...], 'total': 20}</failure></testcase><testcase classname="backend.tests.test_backend_regression.TestEmailSystem" name="test_email_test_welcome" time="2.700" /><testcase classname="backend.tests.test_backend_regression.TestEmailSystem" name="test_email_test_all_triggers" time="18.664" /><testcase classname="backend.tests.test_backend_regression.TestEmailSystem" name="test_email_test_invalid_trigger" time="0.337" /><testcase classname="backend.tests.test_backend_regression.TestEmailSystem" name="test_email_test_non_admin_403" time="1.683" /><testcase classname="backend.tests.test_backend_regression.TestCron" name="test_trending_refresh_auth_required" time="0.099" /><testcase classname="backend.tests.test_backend_regression.TestCron" name="test_trending_refresh_lock" time="2.192"><failure message="AssertionError: second call should be locked: {'ran': True}&#10;assert True is False&#10; +  where True = &lt;built-in method get of dict object at 0xfec1d8d75c00&gt;('ran')&#10; +    where &lt;built-in method get of dict object at 0xfec1d8d75c00&gt; = {'ran': True}.get">backend/tests/test_backend_regression.py:213: in test_trending_refresh_lock
    assert d2.get("ran") is False, f"second call should be locked: {d2}"
E   AssertionError: second call should be locked: {'ran': True}
E   assert True is False
E    +  where True = &lt;built-in method get of dict object at 0xfec1d8d75c00&gt;('ran')
E    +    where &lt;built-in method get of dict object at 0xfec1d8d75c00&gt; = {'ran': True}.get</failure></testcase><testcase classname="backend.tests.test_backend_regression.TestCron" name="test_nightly_weights" time="12.237" /><testcase classname="backend.tests.test_backend_regression.TestCron" name="test_weekly_digest" time="15.358" /><testcase classname="backend.tests.test_backend_regression.TestCron" name="test_streak_resets" time="0.829" /><testcase classname="backend.tests.test_backend_regression.TestModel" name="test_seed_synthetic_outcomes" time="0.564" /><testcase classname="backend.tests.test_backend_regression.TestModel" name="test_model_weights" time="12.523"><failure message="AssertionError: missing factor: academics&#10;assert 'academics' in {'competition': 0.0117, 'experience': 0.2727, 'profile': 0.2543, 'skills': 0.2928, ...}">backend/tests/test_backend_regression.py:253: in test_model_weights
    assert f in w, f"missing factor: {f}"
E   AssertionError: missing factor: academics
E   assert 'academics' in {'competition': 0.0117, 'experience': 0.2727, 'profile': 0.2543, 'skills': 0.2928, ...}</failure></testcase><testcase classname="backend.tests.test_backend_regression.TestStudentFlows" name="test_jobs" time="1.056" /><testcase classname="backend.tests.test_backend_regression.TestStudentFlows" name="test_profile" time="0.570" /><testcase classname="backend.tests.test_backend_regression.TestStudentFlows" name="test_momentum" time="1.491" /><testcase classname="backend.tests.test_backend_regression.TestStudentFlows" name="test_recommendations" time="1.267" /><testcase classname="backend.tests.test_backend_regression.TestApplicationEmails" name="test_application_create_emails" time="13.557" /><testcase classname="backend.tests.test_backend_regression.TestRetry" name="test_retry_existing_log" time="3.238" /></testsuite></testsuites>